<?xml version="1.0" encoding="UTF-8"?>
<testng-results skipped="0" failed="0" ignored="0" total="1" passed="1">
  <reporter-output>
  </reporter-output>
  <suite name="letsKodeIt" duration-ms="5513" started-at="2017-11-10T16:42:40Z" finished-at="2017-11-10T16:42:46Z">
    <groups>
    </groups>
    <test name="letsKodeItfeatures" duration-ms="5513" started-at="2017-11-10T16:42:40Z" finished-at="2017-11-10T16:42:46Z">
      <class name="testPageObject.TestText">
        <test-method status="PASS" signature="startsExtentReports()[pri:0, instance:testPageObject.TestText@2c9f9fb0]" name="startsExtentReports" is-config="true" duration-ms="171" started-at="2017-11-10T09:42:40Z" finished-at="2017-11-10T09:42:40Z">
          <reporter-output>
          </reporter-output>
        </test-method> <!-- startsExtentReports -->
        <test-method status="PASS" signature="setUp(boolean, java.lang.String, java.lang.String, java.lang.String, java.lang.String, java.lang.String, java.lang.String, java.lang.reflect.Method)[pri:0, instance:testPageObject.TestText@2c9f9fb0]" name="setUp" is-config="true" duration-ms="4713" started-at="2017-11-10T09:42:40Z" finished-at="2017-11-10T09:42:45Z">
          <params>
            <param index="0">
              <value>
                <![CDATA[false]]>
              </value>
            </param>
            <param index="1">
              <value>
                <![CDATA[saucelabs]]>
              </value>
            </param>
            <param index="2">
              <value>
                <![CDATA[Mac]]>
              </value>
            </param>
            <param index="3">
              <value>
                <![CDATA[Sierra]]>
              </value>
            </param>
            <param index="4">
              <value>
                <![CDATA[chrome]]>
              </value>
            </param>
            <param index="5">
              <value>
                <![CDATA[61.0]]>
              </value>
            </param>
            <param index="6">
              <value>
                <![CDATA[http://www.letskodeit.com/]]>
              </value>
            </param>
            <param index="7">
              <value>
                <![CDATA[public void testPageObject.TestText.searchItems() throws java.lang.Exception]]>
              </value>
            </param>
          </params>
          <reporter-output>
          </reporter-output>
        </test-method> <!-- setUp -->
        <test-method status="PASS" signature="searchItems()[pri:0, instance:testPageObject.TestText@2c9f9fb0]" name="searchItems" duration-ms="447" started-at="2017-11-10T09:42:45Z" finished-at="2017-11-10T09:42:46Z">
          <reporter-output>
          </reporter-output>
        </test-method> <!-- searchItems -->
        <test-method status="PASS" signature="tearDown()[pri:0, instance:testPageObject.TestText@2c9f9fb0]" name="tearDown" is-config="true" duration-ms="345" started-at="2017-11-10T09:42:46Z" finished-at="2017-11-10T09:42:46Z">
          <reporter-output>
          </reporter-output>
        </test-method> <!-- tearDown -->
      </class> <!-- testPageObject.TestText -->
    </test> <!-- letsKodeItfeatures -->
  </suite> <!-- letsKodeIt -->
</testng-results>
